<?xml version="1.0" encoding="UTF-8"?>
<!-- Generated by org.testng.reporters.JUnitReportReporter -->
<testsuite hostname="DESKTOP-RSITP18" failures="0" tests="1" name="HandlingExcelsheet" time="1.358" errors="0" timestamp="2023-09-30T19:25:44 IST" skipped="0">
  <testcase classname="HandlingExcelsheet" name="excelHandling" time="1.358"/>
</testsuite> <!-- HandlingExcelsheet -->
