<?xml version="1.0" encoding="UTF-8"?>
<!-- Generated by org.testng.reporters.JUnitReportReporter -->
<testsuite hostname="DESKTOP-RSITP18" failures="0" tests="1" name="HandlingExcel2" time="33.343" errors="0" timestamp="2023-09-30T22:33:03 IST" skipped="0">
  <testcase classname="HandlingExcel2" name="excelHandle2" time="33.343"/>
</testsuite> <!-- HandlingExcel2 -->
