<?xml version="1.0" encoding="UTF-8"?>
<!-- Generated by org.testng.reporters.JUnitReportReporter -->
<testsuite hostname="DESKTOP-RSITP18" failures="0" tests="1" name="DemoProject.ScreenShot" time="8.574" errors="0" timestamp="2023-10-04T22:48:21 IST" skipped="0">
  <testcase classname="DemoProject.ScreenShot" name="capturingScreenshot" time="8.574"/>
</testsuite> <!-- DemoProject.ScreenShot -->
