<?xml version="1.0" encoding="UTF-8"?>
<!-- Generated by org.testng.reporters.JUnitReportReporter -->
<testsuite hostname="DESKTOP-RSITP18" failures="0" tests="1" name="DemoProject.LoginPage" time="19.798" errors="0" timestamp="2023-10-10T00:39:29 IST" skipped="0">
  <testcase classname="DemoProject.LoginPage" name="verifyLoginDemo" time="19.798"/>
</testsuite> <!-- DemoProject.LoginPage -->
