<?xml version="1.0" encoding="UTF-8"?>
<!-- Generated by org.testng.reporters.JUnitReportReporter -->
<testsuite hostname="DESKTOP-RSITP18" failures="0" tests="1" name="DemoProject.HandlingExcelsheet" time="0.136" errors="0" timestamp="2023-10-01T01:01:13 IST" skipped="0">
  <testcase classname="DemoProject.HandlingExcelsheet" name="excelHandling" time="0.136"/>
</testsuite> <!-- DemoProject.HandlingExcelsheet -->
