<?xml version="1.0" encoding="UTF-8"?>
<!-- Generated by org.testng.reporters.JUnitReportReporter -->
<testsuite hostname="DESKTOP-RSITP18" failures="0" tests="4" name="GroupDemo" time="0.029" errors="0" timestamp="2023-10-01T00:55:04 IST" skipped="0">
  <testcase classname="GroupDemo" name="TestB" time="0.004"/>
  <testcase classname="GroupDemo" name="TestC" time="0.003"/>
  <testcase classname="GroupDemo" name="TestA" time="0.017"/>
  <testcase classname="GroupDemo" name="Testsum" time="0.005"/>
</testsuite> <!-- GroupDemo -->
