<?xml version="1.0" encoding="UTF-8"?>
<!-- Generated by org.testng.reporters.JUnitReportReporter -->
<testsuite hostname="DESKTOP-RSITP18" failures="0" tests="1" name="DemoProject.A" time="0.007" errors="0" timestamp="2023-10-01T01:01:13 IST" skipped="0">
  <testcase classname="DemoProject.A" name="M1" time="0.007"/>
</testsuite> <!-- DemoProject.A -->
