<?xml version="1.0" encoding="UTF-8"?>
<!-- Generated by org.testng.reporters.JUnitReportReporter -->
<testsuite hostname="DESKTOP-RSITP18" failures="0" tests="4" name="DemoProject.GroupDemo" time="0.034" errors="0" timestamp="2023-10-01T01:18:56 IST" skipped="0">
  <testcase classname="DemoProject.GroupDemo" name="Bhopali" time="0.004"/>
  <testcase classname="DemoProject.GroupDemo" name="Alphabhat" time="0.021"/>
  <testcase classname="DemoProject.GroupDemo" name="Sum" time="0.004"/>
  <testcase classname="DemoProject.GroupDemo" name="Divide" time="0.005"/>
</testsuite> <!-- DemoProject.GroupDemo -->
