<?xml version="1.0" encoding="UTF-8"?>
<!-- Generated by org.testng.reporters.JUnitReportReporter -->
<testsuite hostname="DESKTOP-RSITP18" failures="0" tests="1" name="DemoProject.VerifySignUp" time="42.760" errors="0" timestamp="2023-10-11T01:26:40 IST" skipped="0">
  <testcase classname="DemoProject.VerifySignUp" name="signUp" time="42.760"/>
</testsuite> <!-- DemoProject.VerifySignUp -->
