<?xml version="1.0" encoding="UTF-8"?>
<!-- Generated by org.testng.reporters.JUnitReportReporter -->
<testsuite hostname="DESKTOP-RSITP18" failures="0" tests="1" name="DemoProject.ParticularAreaScreenshort" time="28.197" errors="0" timestamp="2023-10-04T23:15:26 IST" skipped="0">
  <testcase classname="DemoProject.ParticularAreaScreenshort" name="particularareascreenshot" time="28.197"/>
</testsuite> <!-- DemoProject.ParticularAreaScreenshort -->
