<?xml version="1.0" encoding="UTF-8"?>
<!-- Generated by org.testng.reporters.JUnitReportReporter -->
<testsuite hostname="DESKTOP-RSITP18" failures="0" tests="1" name="DemoProject.HandlingExcel2" time="33.892" errors="0" timestamp="2023-10-01T01:08:12 IST" skipped="0">
  <testcase classname="DemoProject.HandlingExcel2" name="excelHandle2" time="33.892"/>
</testsuite> <!-- DemoProject.HandlingExcel2 -->
